<?xml version="1.0" encoding="UTF-8"?>
<testng-results skipped="0" failed="0" total="6" passed="6">
  <reporter-output>
  </reporter-output>
  <suite name="com.apress.hibernaterecipes.chapter1.model.Recipe1SessionTest" duration-ms="4766" started-at="2015-07-27T16:54:58Z" finished-at="2015-07-27T16:55:03Z">
    <groups>
    </groups>
    <test name="Command line test" duration-ms="4766" started-at="2015-07-27T16:54:58Z" finished-at="2015-07-27T16:55:03Z">
      <class name="com.apress.hibernaterecipes.chapter1.model.Recipe1SessionTest">
        <test-method status="PASS" signature="clearData()[pri:0, instance:com.apress.hibernaterecipes.chapter1.model.Recipe1SessionTest@17ce4e7]" name="clearData" is-config="true" duration-ms="3844" started-at="2015-07-27T22:24:58Z" finished-at="2015-07-27T22:25:02Z">
          <reporter-output>
          </reporter-output>
        </test-method> <!-- clearData -->
        <test-method status="PASS" signature="showSafeExecution()[pri:0, instance:com.apress.hibernaterecipes.chapter1.model.Recipe1SessionTest@17ce4e7]" name="showSafeExecution" duration-ms="140" started-at="2015-07-27T22:25:02Z" finished-at="2015-07-27T22:25:02Z">
          <reporter-output>
          </reporter-output>
        </test-method> <!-- showSafeExecution -->
        <test-method status="PASS" signature="clearData()[pri:0, instance:com.apress.hibernaterecipes.chapter1.model.Recipe1SessionTest@17ce4e7]" name="clearData" is-config="true" duration-ms="48" started-at="2015-07-27T22:25:02Z" finished-at="2015-07-27T22:25:02Z">
          <reporter-output>
          </reporter-output>
        </test-method> <!-- clearData -->
        <test-method status="PASS" signature="testCreate()[pri:0, instance:com.apress.hibernaterecipes.chapter1.model.Recipe1SessionTest@17ce4e7]" name="testCreate" duration-ms="125" started-at="2015-07-27T22:25:02Z" finished-at="2015-07-27T22:25:02Z">
          <reporter-output>
          </reporter-output>
        </test-method> <!-- testCreate -->
        <test-method status="PASS" signature="clearData()[pri:0, instance:com.apress.hibernaterecipes.chapter1.model.Recipe1SessionTest@17ce4e7]" name="clearData" is-config="true" duration-ms="31" started-at="2015-07-27T22:25:02Z" finished-at="2015-07-27T22:25:02Z">
          <reporter-output>
          </reporter-output>
        </test-method> <!-- clearData -->
        <test-method status="PASS" signature="testCreateObjectGraph()[pri:0, instance:com.apress.hibernaterecipes.chapter1.model.Recipe1SessionTest@17ce4e7]" name="testCreateObjectGraph" duration-ms="125" started-at="2015-07-27T22:25:02Z" finished-at="2015-07-27T22:25:03Z">
          <reporter-output>
          </reporter-output>
        </test-method> <!-- testCreateObjectGraph -->
        <test-method status="PASS" signature="clearData()[pri:0, instance:com.apress.hibernaterecipes.chapter1.model.Recipe1SessionTest@17ce4e7]" name="clearData" is-config="true" duration-ms="47" started-at="2015-07-27T22:25:03Z" finished-at="2015-07-27T22:25:03Z">
          <reporter-output>
          </reporter-output>
        </test-method> <!-- clearData -->
        <test-method status="PASS" signature="testDelete()[pri:0, instance:com.apress.hibernaterecipes.chapter1.model.Recipe1SessionTest@17ce4e7]" name="testDelete" duration-ms="109" started-at="2015-07-27T22:25:03Z" finished-at="2015-07-27T22:25:03Z">
          <reporter-output>
          </reporter-output>
        </test-method> <!-- testDelete -->
        <test-method status="PASS" signature="clearData()[pri:0, instance:com.apress.hibernaterecipes.chapter1.model.Recipe1SessionTest@17ce4e7]" name="clearData" is-config="true" duration-ms="15" started-at="2015-07-27T22:25:03Z" finished-at="2015-07-27T22:25:03Z">
          <reporter-output>
          </reporter-output>
        </test-method> <!-- clearData -->
        <test-method status="PASS" signature="testUpdate()[pri:0, instance:com.apress.hibernaterecipes.chapter1.model.Recipe1SessionTest@17ce4e7]" name="testUpdate" duration-ms="125" started-at="2015-07-27T22:25:03Z" finished-at="2015-07-27T22:25:03Z">
          <reporter-output>
          </reporter-output>
        </test-method> <!-- testUpdate -->
        <test-method status="PASS" signature="clearData()[pri:0, instance:com.apress.hibernaterecipes.chapter1.model.Recipe1SessionTest@17ce4e7]" name="clearData" is-config="true" duration-ms="47" started-at="2015-07-27T22:25:03Z" finished-at="2015-07-27T22:25:03Z">
          <reporter-output>
          </reporter-output>
        </test-method> <!-- clearData -->
        <test-method status="PASS" signature="testUpdateDetachedObject()[pri:0, instance:com.apress.hibernaterecipes.chapter1.model.Recipe1SessionTest@17ce4e7]" name="testUpdateDetachedObject" duration-ms="94" started-at="2015-07-27T22:25:03Z" finished-at="2015-07-27T22:25:03Z">
          <reporter-output>
          </reporter-output>
        </test-method> <!-- testUpdateDetachedObject -->
      </class> <!-- com.apress.hibernaterecipes.chapter1.model.Recipe1SessionTest -->
    </test> <!-- Command line test -->
  </suite> <!-- com.apress.hibernaterecipes.chapter1.model.Recipe1SessionTest -->
</testng-results>
