<?xml version="1.0" encoding="UTF-8" ?>
<testsuite failures="0" time="5.359" errors="0" skipped="0" tests="6" name="com.apress.hibernaterecipes.chapter1.model.Recipe1SessionTest">
  <properties>
[...]
</properties>
  <testcase time="0.14" classname="com.apress.hibernaterecipes.chapter1.model.Recipe1SessionTest" name="showSafeExecution"/>
  <testcase time="0.125" classname="com.apress.hibernaterecipes.chapter1.model.Recipe1SessionTest" name="testCreate"/>
  <testcase time="0.125" classname="com.apress.hibernaterecipes.chapter1.model.Recipe1SessionTest" name="testCreateObjectGraph"/>
  <testcase time="0.109" classname="com.apress.hibernaterecipes.chapter1.model.Recipe1SessionTest" name="testDelete"/>
  <testcase time="0.125" classname="com.apress.hibernaterecipes.chapter1.model.Recipe1SessionTest" name="testUpdate"/>
  <testcase time="0.094" classname="com.apress.hibernaterecipes.chapter1.model.Recipe1SessionTest" name="testUpdateDetachedObject"/>
</testsuite>