<?xml version="1.0" encoding="UTF-8"?>
<!-- Generated by org.testng.reporters.JUnitXMLReporter -->
<testsuite hostname="Rupen-PC" name="Command line test" tests="6" failures="0" timestamp="27 Jul 2015 16:55:03 GMT" time="4.766" errors="0">
  <testcase name="showSafeExecution" time="0.14" classname="com.apress.hibernaterecipes.chapter1.model.Recipe1SessionTest"/>
  <testcase name="testCreate" time="0.125" classname="com.apress.hibernaterecipes.chapter1.model.Recipe1SessionTest"/>
  <testcase name="testCreateObjectGraph" time="0.125" classname="com.apress.hibernaterecipes.chapter1.model.Recipe1SessionTest"/>
  <testcase name="testDelete" time="0.109" classname="com.apress.hibernaterecipes.chapter1.model.Recipe1SessionTest"/>
  <testcase name="testUpdate" time="0.125" classname="com.apress.hibernaterecipes.chapter1.model.Recipe1SessionTest"/>
  <testcase name="testUpdateDetachedObject" time="0.094" classname="com.apress.hibernaterecipes.chapter1.model.Recipe1SessionTest"/>
</testsuite> <!-- Command line test -->
